<?xml version="1.0" encoding="UTF-8"?>
<!-- Generated by org.testng.reporters.JUnitReportReporter -->
<testsuite hostname="Jiten-VAIO" name="Switchhandle.WindowHandlecode" tests="1" failures="0" timestamp="19 Nov 2018 19:31:28 GMT" time="21.437" errors="0">
  <testcase name="verifyloginpage" time="21.437" classname="Switchhandle.WindowHandlecode"/>
</testsuite> <!-- Switchhandle.WindowHandlecode -->
