<?xml version="1.0" encoding="UTF-8"?>
<!-- Generated by org.testng.reporters.JUnitReportReporter -->
<testsuite hostname="Jiten-VAIO" name="FrameworkDesign.Autosuggest_dropdown" tests="1" failures="0" timestamp="22 Sep 2018 09:58:39 GMT" time="4.471" errors="0">
  <testcase name="verifyloginpage" time="4.471" classname="FrameworkDesign.Autosuggest_dropdown"/>
</testsuite> <!-- FrameworkDesign.Autosuggest_dropdown -->
