<?xml version="1.0" encoding="UTF-8"?>
<!-- Generated by org.testng.reporters.JUnitReportReporter -->
<testsuite hostname="Jiten-VAIO" name="Switchhandle.Switchhandle" tests="1" failures="0" timestamp="12 Oct 2018 19:03:16 GMT" time="281.965" errors="0">
  <testcase name="testpopup" time="281.965" classname="Switchhandle.Switchhandle"/>
</testsuite> <!-- Switchhandle.Switchhandle -->
