<?xml version="1.0" encoding="UTF-8"?>
<!-- Generated by org.testng.reporters.JUnitReportReporter -->
<testsuite skipped="0" hostname="Jiten-VAIO" name="FrameworkDesign.Mousehoverr" tests="2" failures="0" timestamp="11 Jan 2018 17:30:20 GMT" time="22.241" errors="0">
  <testcase name="verifyhomepagedetails" time="0.120" classname="FrameworkDesign.Mousehoverr"/>
  <testcase name="verifyloginpage" time="22.121" classname="FrameworkDesign.Mousehoverr"/>
</testsuite> <!-- FrameworkDesign.Mousehoverr -->
