<?xml version="1.0" encoding="UTF-8"?>
<!-- Generated by org.testng.reporters.JUnitReportReporter -->
<testsuite skipped="0" hostname="Jiten-VAIO" name="FrameworkDesign.Autosuggest_dropdown" tests="1" failures="0" timestamp="09 Apr 2018 18:20:11 GMT" time="3.978" errors="0">
  <testcase name="verifyloginpage" time="3.978" classname="FrameworkDesign.Autosuggest_dropdown"/>
</testsuite> <!-- FrameworkDesign.Autosuggest_dropdown -->
