<?xml version="1.0" encoding="UTF-8"?>
<!-- Generated by org.testng.reporters.JUnitReportReporter -->
<testsuite skipped="0" hostname="Jiten-VAIO" name="PageObjectModel.Excel_Read_Retrieve" tests="1" failures="0" timestamp="15 Nov 2017 18:44:07 GMT" time="2.034" errors="0">
  <testcase name="ExcelRead" time="2.034" classname="PageObjectModel.Excel_Read_Retrieve"/>
</testsuite> <!-- PageObjectModel.Excel_Read_Retrieve -->
