<?xml version="1.0" encoding="UTF-8"?>
<!-- Generated by org.testng.reporters.JUnitReportReporter -->
<testsuite skipped="0" hostname="Jiten-VAIO" name="Runkeyword.NewTest" tests="1" failures="0" timestamp="01 Apr 2018 16:49:20 GMT" time="89.519" errors="0">
  <testcase name="testorange_hrm" time="89.519" classname="Runkeyword.NewTest"/>
</testsuite> <!-- Runkeyword.NewTest -->
