<?xml version="1.0" encoding="UTF-8"?>
<!-- Generated by org.testng.reporters.JUnitReportReporter -->
<testsuite skipped="0" hostname="Jiten-VAIO" name="FrameworkDesign.Calendarcodeselect" tests="1" failures="0" timestamp="24 Apr 2018 18:29:57 GMT" time="8.748" errors="0">
  <testcase name="verifyloginpage" time="8.748" classname="FrameworkDesign.Calendarcodeselect"/>
</testsuite> <!-- FrameworkDesign.Calendarcodeselect -->
