<?xml version="1.0" encoding="UTF-8"?>
<!-- Generated by org.testng.reporters.JUnitReportReporter -->
<testsuite skipped="0" hostname="Jiten-VAIO" name="FrameworkDesign.Keyword" tests="1" failures="0" timestamp="29 Oct 2017 08:44:10 GMT" time="37.638" errors="0">
  <testcase name="open_multiple_url" time="37.638" classname="FrameworkDesign.Keyword"/>
</testsuite> <!-- FrameworkDesign.Keyword -->
