<?xml version="1.0" encoding="UTF-8"?>
<!-- Generated by org.testng.reporters.JUnitReportReporter -->
<testsuite skipped="0" hostname="Jiten-VAIO" name="FrameworkDesign.Seleniumgrid_01" tests="1" failures="0" timestamp="28 Oct 2017 05:18:21 GMT" time="7.910" errors="0">
  <testcase name="simpleTest" time="7.910" classname="FrameworkDesign.Seleniumgrid_01"/>
</testsuite> <!-- FrameworkDesign.Seleniumgrid_01 -->
