<?xml version="1.0" encoding="UTF-8"?>
<!-- Generated by org.testng.reporters.JUnitReportReporter -->
<testsuite skipped="0" hostname="Jiten-VAIO" name="com.orangehrm_testcase.Verifyloginpagetestcase" tests="1" failures="0" timestamp="22 Oct 2017 14:36:40 GMT" time="42.365" errors="0">
  <testcase name="verifylogin" time="42.365" classname="com.orangehrm_testcase.Verifyloginpagetestcase"/>
</testsuite> <!-- com.orangehrm_testcase.Verifyloginpagetestcase -->
