<?xml version="1.0" encoding="UTF-8"?>
<!-- Generated by org.testng.reporters.JUnitReportReporter -->
<testsuite skipped="1" hostname="Jiten-VAIO" name="dataprovider.DataProvider" tests="1" failures="0" timestamp="25 Oct 2017 17:40:13 GMT" time="0.000" errors="0">
  <testcase name="login_HRM_DataProvider" time="0.000" classname="dataprovider.DataProvider">
    <skipped/>
  </testcase> <!-- login_HRM_DataProvider -->
</testsuite> <!-- dataprovider.DataProvider -->
